<?xml version="1.0" encoding="UTF-8"?>
<testng-results ignored="0" total="1" passed="1" failed="0" skipped="0">
  <reporter-output>
  </reporter-output>
  <suite started-at="2024-03-16T10:19:53 EET" name="Default suite" finished-at="2024-03-16T10:20:17 EET" duration-ms="23767">
    <groups>
    </groups>
    <test started-at="2024-03-16T10:19:53 EET" name="Default test" finished-at="2024-03-16T10:20:17 EET" duration-ms="23767">
      <class name="almosaferNewTestCases.myTestCases">
        <test-method is-config="true" signature="setup()[pri:0, instance:almosaferNewTestCases.myTestCases@64ba3208]" started-at="2024-03-16T10:19:53 EET" name="setup" finished-at="2024-03-16T10:19:56 EET" duration-ms="2716" status="PASS">
          <reporter-output>
          </reporter-output>
        </test-method> <!-- setup -->
        <test-method signature="myTest()[pri:0, instance:almosaferNewTestCases.myTestCases@64ba3208]" started-at="2024-03-16T10:19:56 EET" name="myTest" finished-at="2024-03-16T10:20:17 EET" duration-ms="21029" status="PASS">
          <reporter-output>
          </reporter-output>
        </test-method> <!-- myTest -->
        <test-method is-config="true" signature="postTest()[pri:0, instance:almosaferNewTestCases.myTestCases@64ba3208]" started-at="2024-03-16T10:20:17 EET" name="postTest" finished-at="2024-03-16T10:20:17 EET" duration-ms="0" status="PASS">
          <reporter-output>
          </reporter-output>
        </test-method> <!-- postTest -->
      </class> <!-- almosaferNewTestCases.myTestCases -->
    </test> <!-- Default test -->
  </suite> <!-- Default suite -->
</testng-results>
